getting data and adding interactions between s1, s2...
0
10
20
30
40
50
60
70
80
90
100
110
120
130
140
150
160
170
180
190
200
210
220
230
240
250
260
270
280
290
0
10
20
30
40
50
60
70
80
90
100
110
120
130
140
150
160
170
180
190
200
210
220
230
240
250
260
270
280
290
training NN... 

[31mInitialization[0m
[94m----------------------------------------------------------------------------------------------------------[0m
 Step |   Time |      Value |     batch |   dropout_ratio_hidden |     epoch |   nneurons1 |   nneurons2 | 
.
.
.
    1 | 01m25s | [35m   0.78183[0m | [32m2891.3517[0m | [32m                0.2411[0m | [32m  44.3211[0m | [32m   663.5762[0m | [32m   214.7091[0m | 
.
.
.
    2 | 03m33s | [35m   0.78807[0m | [32m1156.4901[0m | [32m                0.2180[0m | [32m  89.2855[0m | [32m   863.2272[0m | [32m   324.7176[0m | 
[31mBayesian Optimization[0m
[94m----------------------------------------------------------------------------------------------------------[0m
 Step |   Time |      Value |     batch |   dropout_ratio_hidden |     epoch |   nneurons1 |   nneurons2 | 
.
.
.
    3 | 02m22s | [35m   0.78908[0m | [32m1147.0332[0m | [32m                0.0000[0m | [32m  88.3628[0m | [32m   714.2380[0m | [32m   387.0855[0m | 
.
.
.
    4 | 00m08s |    0.77869 |   27.1164 |                 0.1386 |    5.9988 |      5.9959 |     13.0263 | 
.
.
.
    5 | 03m18s | [35m   0.79155[0m | [32m1144.2030[0m | [32m                0.0806[0m | [32m  95.1414[0m | [32m   723.6804[0m | [32m   401.8299[0m | 
.
.
.
    6 | 06m44s |    0.78555 |   18.4248 |                 0.0780 |   25.3951 |   1187.7488 |    493.6626 | 
.
.
.
    7 | 02m16s |    0.78692 | 2940.6044 |                 0.2507 |   40.2716 |   1199.1108 |    492.1713 | 
{'nneurons1': 723.68041461328903, 'dropout_ratio_hidden': 0.080626647957330419, 'nneurons2': 401.82991897130654, 'epoch': 95.141409242381044, 'batch': 1144.2029579701891}
training xgboost... 

[31mInitialization[0m
[94m---------------------------------------------------------------------------------------------------------------------------------------------------------------------[0m
 Step |   Time |      Value |   colsample_bytree |     gamma |   learning_rate |   max_delta_step |   max_depth |   min_child_weight |   n_estimators |   subsample | 
.
.
.
    1 | 01m57s | [35m   0.79544[0m | [32m            0.3497[0m | [32m   2.1879[0m | [32m         0.3040[0m | [32m          7.9173[0m | [32m    10.4881[0m | [32m           19.3096[0m | [32m      138.6233[0m | [32m     0.6976[0m | 
.
.
.
    2 | 04m38s | [35m   0.79657[0m | [32m            0.3610[0m | [32m   4.4589[0m | [32m         0.2755[0m | [32m          5.2889[0m | [32m    12.1519[0m | [32m            8.2854[0m | [32m      200.8504[0m | [32m     0.9479[0m | 
[31mBayesian Optimization[0m
[94m---------------------------------------------------------------------------------------------------------------------------------------------------------------------[0m
 Step |   Time |      Value |   colsample_bytree |     gamma |   learning_rate |   max_delta_step |   max_depth |   min_child_weight |   n_estimators |   subsample | 
.
.
.
    3 | 05m47s | [35m   0.79821[0m | [32m            0.7815[0m | [32m   0.3960[0m | [32m         0.4207[0m | [32m          9.6236[0m | [32m     5.2362[0m | [32m           19.6871[0m | [32m      298.7658[0m | [32m     0.8039[0m | 
.
.
.
    4 | 04m55s |    0.79468 |             0.6680 |    0.8799 |          0.3745 |           8.5620 |      5.7608 |            19.2068 |       298.4171 |      0.7003 | 
.
.
.
    5 | 00m22s |    0.75158 |             0.3000 |    2.2628 |          0.0067 |          10.0000 |      5.0000 |             1.0000 |        20.0000 |      0.3000 | 
.
.
.
    6 | 05m47s | [35m   0.81122[0m | [32m            0.9066[0m | [32m   0.0700[0m | [32m         0.1453[0m | [32m          9.1310[0m | [32m     5.4011[0m | [32m           19.9846[0m | [32m      214.4694[0m | [32m     0.6257[0m | 
.
.
.
    7 | 03m04s |    0.78891 |             0.7097 |    0.5754 |          0.1239 |           9.5487 |      5.0812 |             2.1761 |       178.4720 |      0.3079 | 
{'max_depth': 5.4010507677659927, 'learning_rate': 0.14525482333645176, 'n_estimators': 214.46942538892159, 'gamma': 0.070027735703458993, 'min_child_weight': 19.984629266901518, 'max_delta_step': 9.1309588410154987, 'subsample': 0.62572584626366734, 'colsample_bytree': 0.90655225081438462}
training LR... 

.
.
.
.
.
.
.
.
.
.
.
.
.
.
.
.
.
.
0.1
438
[(9, -0.044034955983932936), (14, 0.00072975386362365412), (15, -0.015450918189075897), (16, 0.1675088254386515), (24, -0.050152279654736925), (32, -5.1754381316740566e-05), (38, -0.11905232235438175), (52, 0.029076918161263527), (59, -0.10662369394526869), (70, 0.12097596727098216), (79, 0.0027241990740665529), (90, 0.064931551062809109), (103, 0.0032100581838413783), (104, -0.031234465827196876), (105, 0.095704113813698394), (120, 0.055259656949083497), (121, 4.5555156998047924e-05), (133, 0.0013043756161141872), (140, -0.01266550531950633), (142, -0.035989842458662352), (147, -0.021142165067387676), (148, 0.012366678737607426), (163, -0.086588323958812149), (171, 0.010354539183023575), (193, 0.013804780263533807), (196, 0.023015584094360587), (216, -0.0022023495540558582), (223, 0.0026184409496170856), (225, -0.063079080773547444), (227, -0.019550552157154382), (236, 0.00086840348215893985), (240, -0.012964079065643916), (250, -0.00028865198754313067), (253, 0.030032700773968544), (254, -0.0014845355857667311), (261, -0.046172878563363551), (262, 0.0043158541262040958), (269, -0.042799408614440357), (274, -0.014928460989552533), (304, -0.089227227017462413), (308, 0.0025075933020751971), (311, -0.032982476793439935), (317, 0.049147615413700635), (320, 0.033893527995865869), (330, -0.013814767234245696), (333, -0.10885191278356099), (334, 0.017467354227525943), (340, 0.00016917103132484118), (347, 0.0059995307176743925), (354, -0.047917123851727528), (355, 0.030223097241753864), (360, 0.00019116117696022666), (365, -0.018185266741479199), (369, -0.0039299756147354557), (374, 0.0004561146047697978), (375, 0.032817695939231936), (400, -0.016126492151602615), (402, 0.030131581689970006), (408, -0.011740675570007009), (411, -0.062979288588518048), (413, 0.0011823562782900194), (429, 0.050139216601556409), (435, 0.026568779626255788), (441, -0.015745452893140482), (443, 0.0098085916902031778), (445, -0.037833790439191384), (458, 0.005274434429088151), (474, 0.014614724035051561), (477, -0.040050796190566493), (483, 0.037703609097972872), (484, 0.014853171778480525), (485, -0.0017374874203420515), (488, 0.039729629460060818), (492, 0.076626805159693653), (494, 0.026789563059626424), (497, 7.2303803739248606e-05), (498, 0.019622535064726658), (515, -0.039353585100243657), (517, -0.027697318313793028), (529, -0.038906770390022376), (531, -0.033484000831270663), (557, -0.05390409645261298), (573, -0.095717397100739274), (588, 0.0122810261110662), (591, -0.14371887494822666), ('x1_cosine_x2', 3.6296741061791122), ('eucledian', -0.017904641470715195), ('abs', 0.0013899288623137206), ('plus0', -0.082322731708388691), ('plus1', 0.149621154466509), ('plus2', -0.033996725146004124), ('plus3', -0.025118766855916911), ('plus4', -0.059510235112832675), ('minus4', 0.0084577086945226594), ('plus5', 0.014910213769653282), ('plus6', 0.026669397934773374), ('plus7', -0.011255321335368669), ('plus8', 0.043443184200469116), ('minus8', -0.068721011534674636), ('plus9', -0.03955867320987775), ('minus9', -0.019195114885506435), ('plus10', 0.045876188517558668), ('plus11', -0.059186152458402808), ('minus11', 0.00013885568209467714), ('plus12', -0.022324627567452425), ('minus12', 0.019038931227716976), ('plus13', 0.016229669457841146), ('plus14', 0.0429707881632116), ('minus14', 0.0081820204837217501), ('plus15', -0.0057500881562269476), ('minus15', -0.00011647118076386304), ('plus16', 0.00020515409578794475), ('minus16', 0.012899857781752361), ('plus17', 0.082962599239026824), ('minus17', -0.00070653356969554808), ('minus20', -0.038947039154781586), ('plus22', 0.062463602098089904), ('minus23', 0.11268777387990558), ('plus24', -0.018633847175945122), ('minus24', -0.023282033648646484), ('plus25', 0.032765821449278539), ('plus26', -0.0018312720766007768), ('plus27', -0.078370234519082024), ('minus28', -0.022490624148379278), ('plus29', -0.046274385999538092), ('plus30', -0.066801727616231807), ('minus30', 0.0014011816329235192), ('plus32', -6.8537867033542115e-05), ('minus32', -0.16951887316778572), ('plus33', -0.060342098445856876), ('minus33', 0.0505202896527083), ('plus34', 0.014411592411192997), ('minus34', -0.017433428638034924), ('plus35', -0.012919968213470977), ('plus36', -0.040724241456592931), ('plus37', -0.016014324470605339), ('plus38', -0.057747859263467378), ('minus38', -0.030109209584453744), ('plus39', -0.045812931728415759), ('plus40', 0.075517029707523053), ('minus40', -5.2222609340558082e-05), ('plus41', -0.078083431326941871), ('minus42', -0.07277617270572137), ('plus43', 0.078550678025501086), ('minus44', -0.061335270469850309), ('plus45', 0.030295169149063845), ('plus46', 0.095052012943753345), ('plus47', 0.08342569411554461), ('minus47', -0.010512824228567565), ('plus48', -0.15301149002116915), ('plus50', 0.033393073795539983), ('plus51', 0.060353669212081462), ('plus52', 0.02058479555823747), ('minus52', 0.032450094729952424), ('plus53', 0.01319861665230131), ('plus54', -0.053019176962307978), ('minus54', 0.012129936478932946), ('plus55', 9.366671967068407e-05), ('minus55', -0.03570442177325233), ('plus56', 0.023977459493499616), ('plus57', -0.00471441505630166), ('plus59', -0.027979399148737275), ('minus59', -0.079310091545626613), ('plus60', 0.0040418784879681022), ('minus60', -0.018419156130466605), ('plus61', 0.025487934792142345), ('plus62', 0.13138022491385051), ('plus63', -0.078922926261863799), ('plus64', -0.035568184367763593), ('plus65', -0.0083730215820310341), ('minus65', 0.20238550791403592), ('plus66', -0.11524043206075014), ('plus67', 0.079208013258141155), ('plus68', -0.057435584002850544), ('plus69', -0.0026568210233390635), ('minus69', 0.099487610001795707), ('plus70', 0.048171756858006232), ('minus70', 0.029504943137924837), ('plus71', -0.038256589688674257), ('plus72', 0.028291665594080029), ('plus73', 0.13277012832124316), ('plus74', 0.035491520115650821), ('minus74', -0.00058021213248177011), ('plus75', 0.0074813938136240798), ('minus75', -0.010977310593451143), ('plus76', -0.075458547553268862), ('plus77', 0.038387218227383287), ('plus79', 0.036732028225263599), ('plus81', 0.01097113959824597), ('plus82', 0.1178732001679705), ('plus84', 0.038028599637128242), ('plus85', 0.1042572400141511), ('minus86', -0.0013217973941113987), ('plus87', 0.032735781753575062), ('plus88', -0.087140588670881605), ('plus89', 0.10822423513545143), ('plus90', 0.0022713917608773119), ('minus90', 0.076628221711414271), ('plus91', -0.0078179198570660843), ('minus91', -0.012604440447632471), ('minus92', 0.012963085431617455), ('plus93', -0.036467339792049087), ('plus95', 0.0022794232356261562), ('plus98', 0.08692525334025572), ('plus99', 0.1315742334185073), ('plus100', -0.032628190846927523), ('minus100', 0.048890900706773127), ('plus102', 0.018548999265485672), ('minus102', -0.007879872852575168), ('plus103', 3.382016127373792e-05), ('minus103', 0.018446916060086742), ('plus104', -0.001366561253488724), ('minus104', -0.13243063034355471), ('plus105', 0.023115952411816812), ('minus105', 0.055498759488714952), ('plus106', -0.027266987886127712), ('plus107', -0.038571612910442088), ('plus108', -0.010412710373605451), ('minus108', 0.03613216782843956), ('minus109', 0.004621003511352563), ('plus111', -0.042474236933333846), ('minus111', 0.011188863033022016), ('plus112', -0.037369884969696489), ('plus113', 0.0026921599144075939), ('minus113', -0.016174145213836904), ('plus114', 0.042062716707375887), ('plus115', -0.07432413993031009), ('plus116', 0.043652360328400017), ('plus117', -0.057706954504211663), ('plus118', -0.069606437828957146), ('plus119', 0.043230124910811567), ('plus120', 0.035127165572532641), ('minus120', 0.029648489455264389), ('plus121', 0.0017615449959952321), ('minus121', 0.053172349530912745), ('plus122', 0.065864483580795025), ('plus123', 0.0022805159253960552), ('plus125', 0.069601679785290221), ('plus126', 0.02666619001545836), ('plus127', -0.0071446302551109861), ('minus127', -0.011062668419755773), ('plus129', 0.062590939186145916), ('minus129', -0.18042567053446984), ('plus130', 0.022105269192277267), ('plus131', 0.065311238992693338), ('plus132', -0.038822674108246601), ('plus133', 0.12750525268280721), ('minus133', 4.9204406054281575e-06), ('minus134', 0.11018516972978389), ('plus135', 0.010008148456976385), ('minus135', -0.049331146999484543), ('plus136', 0.10484935830998555), ('plus137', -0.029835057752756564), ('minus138', -0.026854870358382653), ('plus139', 0.054070479015097393), ('plus140', -0.0021049916540327954), ('minus140', -0.074810760417283989), ('plus141', -0.0029678315691682106), ('minus141', 0.014091153949024689), ('plus142', -0.04965219679726722), ('minus142', -0.032241199979739135), ('plus143', 0.045116488475249301), ('minus143', -1.5635003517070744e-06), ('plus144', -0.10685538951224428), ('plus145', -0.0062337718195296012), ('minus145', 0.091524503507539059), ('plus146', 0.016779542126339309), ('plus147', -0.18327449577488036), ('plus148', 0.017937331968455102), ('plus149', -0.00085988582489975062), ('plus150', -0.13727731793854889), ('plus152', 0.1088246314661362), ('minus153', -0.053787864966382569), ('plus154', -0.049413757890351469), ('plus155', -0.10392484763001164), ('plus156', 0.072984835368036058), ('plus157', -0.00090529531001605132), ('minus157', -0.00082787903883087407), ('plus158', 0.022366367910352295), ('minus158', -0.039675509606335944), ('plus159', -0.0081570128885756262), ('minus160', 0.016396781814035182), ('plus161', -0.1771610066051576), ('plus162', 0.047324580724970894), ('plus163', -0.011477504728218282), ('minus163', -0.046758348251501443), ('plus164', -0.071036052890926252), ('plus165', -0.091827196316161347), ('plus166', -0.019506515850771698), ('plus167', 0.091256201021777977), ('minus168', -0.096641076508995782), ('plus169', -0.015526566061132403), ('plus170', -0.05534820904214785), ('plus171', 0.013191794319290578), ('minus171', 0.070905427884654093), ('plus172', -0.064738116926841408), ('plus173', -0.056215717854391951), ('plus174', 0.091816784146378713), ('plus175', 0.061833481091669591), ('plus176', -0.084304116152299893), ('plus177', -0.0001462767341937028), ('minus177', 0.033340823386858828), ('plus178', 0.065577261386834368), ('plus179', 0.058364683788878366), ('plus180', 0.1034598812335799), ('plus181', -0.049985939326593419), ('plus182', 0.029291110227286761), ('plus183', 0.014946370272336243), ('minus183', -0.040501412327100854), ('plus184', 0.00037155855342620891), ('minus184', -0.024931345031909989), ('plus185', -0.0443741550944819), ('minus185', 0.0097968485421246285), ('plus186', -0.049404086152341174), ('minus187', 0.13081649448146129), ('plus188', 0.05797948695719838), ('minus188', -0.0017486700125348834), ('plus189', 0.070657191654367818), ('plus190', 0.013741902084346056), ('plus191', 0.076013121578427253), ('plus192', 0.0098107079334914093), ('minus192', -0.044383680883315471), ('plus193', 0.0619430593000833), ('minus193', 0.0029013213765849326), ('plus194', 0.025877404161247418), ('minus194', -0.016787958954768673), ('plus195', -0.02969227201477102), ('plus196', 0.14002259069344786), ('minus196', 8.9604824564083358e-06), ('plus197', 0.031791421032533199), ('minus197', -0.0010377312033417456), ('plus198', 0.035218593803866279), ('minus198', -0.014616843236236248), ('plus199', -0.042512720160305509), ('plus200', 0.053761564317010867), ('plus201', -0.0046758023020768893), ('plus202', -0.02173030137609374), ('plus204', 0.01514253347868711), ('plus205', 0.089395167537275999), ('plus206', -0.14726022890455009), ('minus208', -0.0093606455747227944), ('plus209', 0.011841091810176608), ('plus210', -0.038496029391298939), ('plus211', -0.012980304793863764), ('minus212', -0.03540309462519705), ('plus213', -0.036156997761191585), ('plus214', 0.050503659485034567), ('plus215', -5.4845028263806342e-05), ('minus215', 0.002850815349010544), ('plus216', -0.023284356164895759), ('minus216', -0.10494118711532782), ('plus217', -0.056842447058173061), ('minus217', 0.023966885267775597), ('plus218', -0.00019145479564800861), ('plus219', -0.10490469079995973), ('minus220', -0.0036657335258077641), ('plus221', 0.020787612852446888), ('plus222', -0.0099279731009473474), ('plus223', 0.17042736732611224), ('minus223', 0.0052959816782015079), ('plus224', -0.0524748441267473), ('plus225', -0.045944125696136026), ('minus225', -0.0020417371840872841), ('plus226', 0.023293248882379297), ('plus227', -0.059190364298116284), ('plus228', -0.0082547477610066776), ('plus229', -0.0039575841583107665), ('minus229', 0.058751424123755003), ('minus230', -0.13349870570016933), ('plus231', -0.045583960149024959), ('minus231', 0.011572804528169993), ('plus233', -0.072655861655163342), ('minus234', 0.027143436554047634), ('plus236', 0.00033688551057957735), ('minus236', 0.0005322726990534657), ('plus237', -0.034938079502450217), ('plus238', -0.012310174724248751), ('minus239', -0.030286324032041685), ('plus240', -0.059114663175378515), ('plus242', -0.02351607070752515), ('plus243', -0.066613799063837187), ('minus244', -0.11729397190261386), ('plus246', 0.0083130931209009409), ('minus247', 0.063336442923685315), ('plus250', -0.072662711242440739), ('plus251', -0.095083384393237311), ('plus252', -0.005286524162684045), ('plus253', 0.031350650526160033), ('minus253', 0.13044569657209437), ('plus254', -0.014892140829880751), ('minus254', -0.038290912645566139), ('minus255', 0.038482786738803856), ('plus256', 0.056743865602207517), ('plus257', -1.5698191335954384e-06), ('minus257', 0.11097449297019545), ('plus258', -0.0011788084359706994), ('plus260', -0.093771762546483478), ('plus261', -0.00044621056995611166), ('minus261', -0.0061442758213506666), ('plus262', 0.0097228086078976275), ('minus262', 0.016730967683024522), ('plus263', -0.061151474178927065), ('plus264', -0.1361047274780911), ('plus265', 0.0058011121430395548), ('plus266', -0.1231956125231088), ('plus267', 0.037673218517952238), ('plus269', -0.12894441304680523), ('minus269', -4.4505576397721429e-06), ('plus270', -0.12089950269264237), ('plus271', -0.093605060268755161), ('plus272', -0.0039116011470276017), ('plus273', -0.044361324710922689), ('minus273', 0.00669318031368851), ('plus274', -0.050607740757887612), ('minus274', -0.087559849098202053), ('minus275', -0.15265414245232545), ('plus276', 0.0084233166552517662), ('plus277', -0.090177204796522886), ('minus280', 0.021608418080397353), ('plus281', 0.097524264355803705), ('plus283', -0.048361631571494333), ('plus284', -0.0037131122939941916), ('plus285', 0.0045446910740646416), ('plus286', -0.17975135775970835), ('minus287', 0.030942704365313475), ('plus288', 0.07676995247285405), ('minus288', -0.010326466271961409), ('plus289', 0.0711269262460546), ('plus291', -0.060408346037182988), ('minus291', 0.0012702606657820719), ('plus292', -0.03124608184241516), ('plus293', 0.0010592803331465476), ('plus294', -0.085558416524108324), ('plus295', 0.096741349124463652), ('plus296', 0.070740439524107704), ('plus297', 0.013520781698530236), ('plus298', -0.14479625259631315), ('minmax', -0.039921325903200536)]
training ExtraTrees... 

[31mInitialization[0m
[94m------------------------------------------------------------------------------------------------------------------------[0m
 Step |   Time |      Value |   max_depth |   max_features |   min_samples_leaf |   min_samples_split |   n_estimators | 
.
.
.
    1 | 03m07s | [35m   0.80286[0m | [32m    13.2322[0m | [32m        0.6419[0m | [32m            9.3142[0m | [32m             9.6258[0m | [32m      125.6744[0m | 
.
.
.
    2 | 02m01s |    0.80202 |     15.7278 |         0.5898 |            17.9437 |             13.6261 |        88.5403 | 
[31mBayesian Optimization[0m
[94m------------------------------------------------------------------------------------------------------------------------[0m
 Step |   Time |      Value |   max_depth |   max_features |   min_samples_leaf |   min_samples_split |   n_estimators | 
.
.
.
    3 | 01m23s |    0.76281 |      5.5419 |         0.7232 |             1.1004 |             19.5044 |       127.5545 | 
.
.
.
    4 | 00m25s |    0.78683 |     20.0000 |         0.1000 |             1.0000 |              2.0000 |        64.0000 | 
.
.
.
    5 | 02m51s |    0.80134 |     13.4907 |         0.5664 |             9.2587 |             11.0068 |       125.8131 | 
.
.
.
    6 | 02m51s | [35m   0.80303[0m | [32m    18.9204[0m | [32m        0.5229[0m | [32m           19.6244[0m | [32m             2.3979[0m | [32m      126.6622[0m | 
.
.
.
    7 | 01m47s |    0.80085 |     19.7195 |         0.2406 |             1.6259 |              2.0040 |       106.9649 | 
{'max_depth': 18.920408567011741, 'max_features': 0.5228547869126724, 'min_samples_split': 2.3979081629701948, 'min_samples_leaf': 19.624364841583301, 'n_estimators': 126.66223678558441}
auc:0.800743620173
auc:0.810980529696
auc:0.796814245076
auc:0.808717923682
auc:0.82577976938
