getting data and adding interactions between s1, s2...
0
10
20
30
40
50
60
70
80
90
100
110
120
130
140
150
160
170
180
190
200
210
220
230
240
250
260
270
280
290
('X_shape', (323630, 1504))
0
10
20
30
40
50
60
70
80
90
100
110
120
130
140
150
160
170
180
190
200
210
220
230
240
250
260
270
280
290
training NN... 

[31mInitialization[0m
[94m----------------------------------------------------------------------------------------------------------[0m
 Step |   Time |      Value |     batch |   dropout_ratio_hidden |     epoch |   nneurons1 |   nneurons2 | 
.
.
.
    1 | 01m39s | [35m   0.77818[0m | [32m2891.3517[0m | [32m                0.2411[0m | [32m  44.3211[0m | [32m   827.6714[0m | [32m   214.7091[0m | 
.
.
.
    2 | 03m55s | [35m   0.78538[0m | [32m1156.4901[0m | [32m                0.2180[0m | [32m  89.2855[0m | [32m  1077.0689[0m | [32m   324.7176[0m | 
[31mBayesian Optimization[0m
[94m----------------------------------------------------------------------------------------------------------[0m
 Step |   Time |      Value |     batch |   dropout_ratio_hidden |     epoch |   nneurons1 |   nneurons2 | 
.
.
.
    3 | 01m26s |    0.77270 |   21.4133 |                 0.2746 |   86.4724 |      6.3908 |     38.9529 | 
.
.
.
    4 | 02m56s |    0.77994 |  112.0307 |                 0.1033 |   77.4606 |    487.0460 |    314.8190 | 
.
.
.
    5 | 03m52s |    0.77625 | 1109.2073 |                 0.3784 |   80.8815 |   1087.6547 |    302.3355 | 
.
.
.
    6 | 00m18s |    0.77182 | 2039.4904 |                 0.2040 |   10.8402 |      9.8856 |    499.2578 | 
.
.
.
    7 | 05m26s |    0.78349 | 2961.0849 |                 0.2225 |   84.9661 |   1500.4125 |    490.7874 | 
{'nneurons1': 1077.0688601922568, 'dropout_ratio_hidden': 0.21795327319875876, 'nneurons2': 324.71758596799475, 'epoch': 89.285527077425897, 'batch': 1156.4901412890754}
training xgboost... 

[31mInitialization[0m
[94m---------------------------------------------------------------------------------------------------------------------------------------------------------------------[0m
 Step |   Time |      Value |   colsample_bytree |     gamma |   learning_rate |   max_delta_step |   max_depth |   min_child_weight |   n_estimators |   subsample | 
.
.
.
    1 | 02m32s | [35m   0.79060[0m | [32m            0.3497[0m | [32m   2.1879[0m | [32m         0.3040[0m | [32m          7.9173[0m | [32m    10.4881[0m | [32m           19.3096[0m | [32m      138.6233[0m | [32m     0.6976[0m | 
.
.
.
    2 | 06m11s | [35m   0.79183[0m | [32m            0.3610[0m | [32m   4.4589[0m | [32m         0.2755[0m | [32m          5.2889[0m | [32m    12.1519[0m | [32m            8.2854[0m | [32m      200.8504[0m | [32m     0.9479[0m | 
[31mBayesian Optimization[0m
[94m---------------------------------------------------------------------------------------------------------------------------------------------------------------------[0m
 Step |   Time |      Value |   colsample_bytree |     gamma |   learning_rate |   max_delta_step |   max_depth |   min_child_weight |   n_estimators |   subsample | 
.
.
.
    3 | 07m36s | [35m   0.79632[0m | [32m            0.7815[0m | [32m   0.3960[0m | [32m         0.4207[0m | [32m          9.6236[0m | [32m     5.2362[0m | [32m           19.6871[0m | [32m      298.7658[0m | [32m     0.8039[0m | 
.
.
.
    4 | 05m50s |    0.78647 |             0.6682 |    0.8805 |          0.3748 |           8.5608 |      5.7617 |            19.2062 |       298.4167 |      0.7002 | 
.
.
.
    5 | 01m02s |    0.78712 |             1.0000 |    0.0000 |          0.3273 |          10.0000 |      5.0000 |             1.0000 |        20.0000 |      1.0000 | 
.
.
.
    6 | 02m17s |    0.78404 |             0.8939 |    1.4755 |          0.2096 |           9.3373 |      5.4811 |             1.0421 |        86.2017 |      0.4126 | 
.
.
.
    7 | 01m41s |    0.77988 |             0.3000 |    5.0000 |          0.0067 |          10.0000 |      5.0000 |            20.0000 |       233.7442 |      0.3000 | 
{'max_depth': 5.2362189654402744, 'learning_rate': 0.42073456089650635, 'n_estimators': 298.76580117424407, 'gamma': 0.39598121767507211, 'min_child_weight': 19.687102537529192, 'max_delta_step': 9.6235806376445989, 'subsample': 0.80393409185325226, 'colsample_bytree': 0.7814669621409378}
training LR... 

.
.
.
.
.
.
.
.
.
.
.
.
.
.
.
.
.
.
0.1
LogisticRegression(C=0.1, class_weight='balanced', dual=False,
          fit_intercept=True, intercept_scaling=1, max_iter=100,
          multi_class='ovr', n_jobs=1, penalty='l1', random_state=0,
          solver='liblinear', tol=0.0001, verbose=0, warm_start=False)
527
[(9, -0.0937523949426457), (14, 0.02141386347741063), (15, -0.0090746977176784389), (16, 0.037493617070145882), (24, -0.030179210236150642), (27, -0.0058097075318459404), (32, -0.026642010134437698), (37, -0.0081471194722895456), (38, -0.00047276445525180682), (52, 0.014337597675901863), (59, -0.080736228363359877), (70, 0.092091851016454229), (77, 0.0073197942262312977), (90, 0.11085480908356911), (99, 1.9187912851356511e-05), (103, 8.3133000228747521e-06), (104, -0.016153199465225674), (105, 0.052054995206565854), (120, 0.0054762458595565876), (142, -0.021316903584703055), (147, -0.03116415277082225), (148, 0.002086894673329719), (163, -0.028449591710246767), (196, 0.051880818185504121), (216, -0.061594497636074275), (223, 0.010541378758842321), (225, -0.078522556969590304), (227, -4.8754436552637343e-05), (253, 0.036845438536988795), (254, -0.023881767234472811), (261, -0.0099053822898928362), (262, 0.012618246952199213), (269, -0.063325216449842098), (274, -0.057015984451938381), (304, -0.065830115021711683), (308, 0.037612866827293714), (312, -0.019562705390357708), (317, 0.088871939338696526), (320, 0.0033730459267096551), (333, -0.097567694773552677), (334, 0.00041451195644776068), (344, 0.017579107101185029), (347, 0.0042808045738696064), (354, -0.045012946522006082), (360, 0.0042034051327915255), (365, -0.030603293260100195), (369, -0.00054722772759330197), (400, -0.024320894605203602), (402, 0.023826464194327802), (408, -0.023508040676527345), (411, -0.057714702556414546), (429, 0.085064491787364666), (435, 0.013194053758627517), (441, -0.0034767908188381245), (445, -0.034162031426261584), (458, 0.034674522395197256), (465, -0.0016622871698291277), (468, 0.021994908414627048), (474, 0.034015248230952207), (483, 0.022353344285036596), (485, -0.049532140811137521), (488, 0.014650263265261684), (492, 0.0076547413122485383), (494, 0.020559638424030205), (498, 0.013128171064724397), (515, -0.042600023665605155), (517, -0.054302930213397375), (526, 0.0034132787367920315), (529, -0.030519975718549794), (531, -0.0063514714706141917), (557, -4.5335878787882628e-06), (565, 0.018209462278771703), (573, -0.021411470701445615), (580, -4.1511249539472645e-05), (588, 0.047642650597508517), (591, -0.097043576059153966), ('x1_cosine_x2', 3.0556800157480355), ('eucledian', -0.017896714867890653), ('abs', -0.0011610085924502432), ('plus0', -0.088473332655515949), ('prod0', 0.01938585905111849), ('plus1', 0.12347637132737627), ('plus2', -0.024831000468418025), ('prod3', -0.061117673561908968), ('plus4', -0.019118616057775602), ('minus4', 0.011094920741884446), ('prod4', 0.14869087936702846), ('plus5', 0.027157169881624355), ('plus6', 0.022899103534483354), ('plus8', 0.037567982723331929), ('minus8', -0.055098000089589844), ('plus9', -0.063417229105475079), ('minus9', -0.0023371347875254006), ('prod9', 0.14290647219529992), ('plus10', 0.053347212709151624), ('prod10', 0.036092511628041883), ('plus11', -0.093642615470309359), ('prod11', -0.024510731762088216), ('plus12', -0.036227488774132129), ('minus12', 0.0069509072303618347), ('plus13', 0.0057515347667245328), ('plus14', 0.011011846847259942), ('minus14', 0.00094659244672059921), ('prod14', 0.0081754622640549963), ('plus15', -0.0070792918176840894), ('minus15', -0.024953985271361629), ('plus16', 0.029130004104738361), ('minus16', 0.082138089758366131), ('prod16', 0.1403317493381159), ('plus17', 0.048956756253171405), ('minus17', -3.2844023237487217e-05), ('prod17', 0.0040763786061034021), ('prod18', 0.027488851529691456), ('prod19', -0.062375367788508759), ('plus20', 0.0018422213451394793), ('minus20', -0.04479482385455822), ('minus21', 0.0052811111624233289), ('plus22', 0.075119265269853075), ('prod22', -0.067190568442804063), ('minus23', 0.089181871679022862), ('plus24', -0.00027451880704454422), ('minus24', -0.0188802309580424), ('plus25', 0.049428144481483201), ('prod25', 0.0058086151700126971), ('plus26', -0.019804123131807613), ('plus27', -0.077856043094267205), ('minus28', -0.036791944707597897), ('plus29', -0.025810818299702904), ('plus30', -0.036803620260956481), ('prod31', -0.013607940276322561), ('minus32', -0.14901681062503827), ('plus33', -0.041749176450190648), ('minus33', 0.054743744055120419), ('prod33', 0.1894553432220536), ('plus34', 0.021613705525936455), ('minus34', -0.00067450281549399189), ('prod35', -0.12621584153528972), ('plus36', -0.070861436029689626), ('minus36', -0.0071588771355120193), ('plus37', -0.029137272896593999), ('plus38', -0.040052462940173804), ('minus38', -0.062232988847912958), ('prod38', -0.3711069996391943), ('plus39', -0.043776727182842902), ('prod39', -0.015507444531023372), ('plus40', 0.070938926377407216), ('plus41', -0.068907750820157876), ('minus42', -0.050671103097176637), ('prod42', 0.009184601228901532), ('plus43', 0.064056737650882531), ('plus44', 0.0092709650715639951), ('minus44', -0.059154897833974859), ('prod44', 0.10198406713387256), ('prod45', -0.15266872388320329), ('plus46', 0.055786221113898291), ('plus47', 0.087260282824331764), ('minus47', -0.00021904494835998698), ('prod47', 0.077134808513856373), ('plus48', -0.13384795661078885), ('plus49', -0.00021401163896354549), ('plus50', 0.033600125341553176), ('plus51', 0.036548633838062269), ('plus52', 0.029231266807597099), ('minus52', 0.029362353858233745), ('plus53', 0.021132979266913335), ('plus54', -0.033446758069859139), ('minus54', 0.021911249493178051), ('minus55', -0.052406435421795988), ('plus56', 0.014972243664554281), ('prod57', 0.066173009434128641), ('plus59', -0.055164537446132027), ('minus59', -0.089859354601916255), ('plus60', 1.0934463380456172e-05), ('minus60', -0.008159248698407208), ('prod60', 0.10562102139053439), ('plus61', 0.020233887665551783), ('plus62', 0.00096036724388766316), ('prod62', -0.18239587658078354), ('plus63', -0.071592663574880921), ('prod63', 0.042169030455655877), ('plus64', -0.016388243097372381), ('plus65', -0.0062977992521104087), ('minus65', 0.19895364325473067), ('plus66', -0.11782780737349709), ('plus67', 0.093745843098771264), ('plus68', -0.051321995748265251), ('plus69', -0.0034083027110331549), ('minus69', 0.094708819764206476), ('plus70', 0.05230570062778854), ('minus70', 0.039554707487020439), ('prod70', 0.21105885201126418), ('plus71', -0.031812035936932548), ('prod71', 0.055796124807905266), ('plus72', 0.038880694887433204), ('plus73', 0.12915923944820124), ('prod73', 0.10566863447380191), ('prod74', -0.040657494408935825), ('minus75', -0.012610314844616586), ('prod75', -0.086062176685455682), ('plus76', -0.067532086112684006), ('plus77', 0.022115886294459496), ('plus79', 0.039068562856301087), ('plus81', 0.019521687574426995), ('prod81', -0.03092028725836524), ('plus82', 0.13032819180663285), ('plus84', 0.026528673369108819), ('plus85', 0.039684799148858432), ('prod85', -0.12233013626083088), ('minus86', -0.001916616371941368), ('prod86', -0.039604072141067356), ('plus87', 0.018947104544727169), ('prod87', 0.0037455158789072799), ('plus88', -0.072777304579276017), ('plus89', 0.086119281268276393), ('plus90', 0.025713532082438879), ('minus90', 0.049192106792962556), ('prod90', -0.0040748860692331832), ('minus91', -0.026389278432326434), ('prod91', -0.064437623268408073), ('minus92', 0.018257517663568524), ('plus93', -0.031430798554231185), ('prod93', 0.0078266218567144274), ('plus95', 0.00070972468465789267), ('prod95', -0.0025301345215903151), ('plus96', 0.062723763575619915), ('prod96', -0.1244178330822813), ('prod97', -0.046577960530828785), ('plus98', 0.09086621134169362), ('plus99', 0.13008406175912077), ('minus99', 0.00055809981770536799), ('prod99', 0.18347425109155446), ('plus100', -0.00096711949241870879), ('minus100', 0.054208883833663325), ('plus101', 0.013520754749093684), ('prod101', 0.074821023414775353), ('plus102', 0.025655257546451884), ('minus102', -0.00036571309123730931), ('prod102', -0.031771452658015654), ('plus103', 0.0062550124863679449), ('minus103', 0.038955521663488007), ('plus104', -1.9163876468636465e-06), ('minus104', -0.14612991597057826), ('plus105', 0.050028902987744671), ('minus105', 0.069598598704877779), ('prod105', -0.041328106151015377), ('plus106', -0.037905279852121165), ('plus107', -0.031040571897316297), ('prod107', -0.0065851170143800099), ('plus108', -0.012044481222513398), ('minus108', 0.030626024656563378), ('prod108', -0.088006322777773302), ('minus109', 0.022119601303018998), ('prod109', -0.026806539397893805), ('plus111', -0.039337319019141059), ('minus111', 0.0049236757657564094), ('plus112', -0.027710370631023582), ('prod112', -0.050754751315776045), ('minus113', -0.0078630942137172203), ('plus114', 0.075889541634077823), ('prod114', -0.029443250923668323), ('plus115', -0.055787836554445691), ('prod115', 0.064355336597023152), ('plus116', 0.065899717128240859), ('prod117', 0.19108182317203171), ('plus118', -0.065867715479198993), ('prod118', -0.048162616466416064), ('plus119', 0.01755552431327399), ('plus120', 0.0037171885382349056), ('minus120', 0.052847445521746757), ('prod120', -0.11209176424367227), ('minus121', 0.058188313803730067), ('prod121', 0.10562096953623799), ('plus122', 0.063575840874231335), ('plus123', 0.014074419962339506), ('plus125', 0.06014858040642259), ('plus126', 0.013589722003355537), ('prod126', 0.012076466443208478), ('plus127', -0.00070352281025234562), ('minus127', -0.0088482000841771172), ('prod127', 0.12187733918733754), ('plus129', 0.037493757683737701), ('minus129', -0.15073703447939577), ('plus130', 0.029866014796788905), ('plus131', 0.066157563664849109), ('plus132', -0.00046767535786611383), ('prod132', 0.088054536660367902), ('plus133', 0.11479916556609543), ('prod133', -0.027803374455337242), ('minus134', 0.11582954170952424), ('plus135', 0.010162915475154253), ('minus135', -0.061846029351220959), ('plus136', 0.098764725720362961), ('plus137', -0.015558909094957165), ('minus138', -0.0023547144244105262), ('plus139', 0.042878860532792558), ('minus140', -0.09018512520594571), ('plus141', -0.0030845329647767278), ('minus141', 0.016992042784786186), ('plus142', -0.040096536182479561), ('minus142', -0.017101694561292031), ('plus143', 0.060848893774844197), ('plus144', -0.16212323513165477), ('prod144', 0.15618490925899778), ('plus145', -0.00027129504121094737), ('minus145', 0.093962143703723147), ('prod146', 0.11119349910794839), ('plus147', -0.13484396760353898), ('prod147', 0.083059337097706895), ('plus148', 0.025155417695487438), ('minus148', 0.00022427391576018753), ('prod149', 0.10514637011793418), ('plus150', -0.14445362130172004), ('plus151', 0.0022514464837761175), ('plus152', 0.13643777308941007), ('prod152', 0.050968954477522421), ('minus153', -0.05994602975811008), ('plus154', -0.049109753046434487), ('plus155', -0.11732143262790509), ('plus156', 0.09229978369957216), ('plus157', -0.0053443703268747349), ('plus158', 0.01753374570596665), ('minus158', -0.036248608478133895), ('plus159', -0.01384306306196729), ('minus160', 0.01964431160986042), ('plus161', -0.18395195806782574), ('plus162', 0.014465606983666017), ('prod162', 0.085179106109245548), ('plus163', -0.039461002473705459), ('minus163', -0.068930816828263838), ('plus164', -0.065316189349180112), ('plus165', -0.094755222568133013), ('minus165', 1.4272956867143973e-05), ('plus166', -0.029025525454437252), ('plus167', 0.071764211122875898), ('plus168', 0.00053113933902092074), ('minus168', -0.091399066339736768), ('prod168', 0.14022876709011153), ('plus169', -0.010962558651590187), ('prod169', -0.066396073551908297), ('plus170', -0.022616488769884219), ('minus171', 0.097803081368320957), ('prod171', 0.13173063443271613), ('plus172', -0.071743234544693293), ('plus173', -0.051285268370910318), ('plus174', 0.066843800599339143), ('minus174', -9.1401252660510065e-06), ('plus175', 0.068268360472749298), ('plus176', -0.083046065612108727), ('minus177', 0.063602582681774655), ('prod177', 0.054963772220698773), ('plus178', 0.029890542643678211), ('prod178', -0.079920594241291845), ('plus179', 0.057024107001019626), ('plus180', 0.059994209406218309), ('prod180', -0.063567125407675673), ('plus181', -0.068348093012219724), ('plus182', 0.042030092711201755), ('prod182', -0.0045624968413621285), ('plus183', 0.017479038496117909), ('minus183', -0.041325041148109851), ('minus184', -0.044419703804018627), ('plus185', -0.020187137311603605), ('plus186', -0.056232507310146236), ('prod186', 0.029925872880238388), ('minus187', 0.11026351706383471), ('plus188', 0.076786062413713885), ('minus188', -1.8992368478722334e-05), ('plus189', 0.036336435421466293), ('prod189', 0.083512081334929114), ('plus190', 0.0011092106242001892), ('minus190', 0.015056588377971428), ('prod190', 0.012609549169037964), ('plus191', 0.070557354667504527), ('plus192', 0.019768708411451723), ('minus192', -0.089559147472010242), ('prod192', 0.16837262505081615), ('plus193', 0.043791358250744469), ('prod193', -0.056401140290881342), ('plus194', 0.008160374716919527), ('minus194', -0.011550975203261069), ('plus195', -0.01093556202930253), ('plus196', 0.12310526533841273), ('plus197', 0.025791974640233317), ('plus198', 0.049121606497004942), ('plus199', -0.035930078539144567), ('plus200', 0.059944058513334481), ('prod200', -0.12056586510403382), ('plus201', -0.0083650579284655444), ('plus202', -0.025226878230439308), ('plus203', 0.0099836596978276158), ('prod203', -0.2316763644332977), ('plus204', 0.016511204122140966), ('plus205', 0.080960770011305791), ('prod205', -0.073857249627430996), ('plus206', -0.15789863287301981), ('plus207', -0.041202832857942205), ('prod207', -0.14494098522008775), ('plus209', 0.00096247444780196928), ('prod210', 0.15181943403660231), ('minus212', -0.0068362796304819763), ('plus213', -0.0064966933813933852), ('prod213', -0.060684893842700934), ('plus214', 0.013717303690271302), ('prod214', -0.03666903086751333), ('plus215', -4.3076029713316472e-06), ('minus215', 0.0006856142725332699), ('plus216', -0.023589744960177166), ('minus216', -0.059078350645742107), ('plus217', -0.051083225236335725), ('minus217', 0.012163047044943963), ('plus219', -0.088500781369926895), ('prod220', -0.0015698090306271006), ('plus221', 0.019935329330855775), ('plus223', 0.15658600882282711), ('minus223', 0.0012884894095669256), ('prod223', 0.047047432924004581), ('plus224', -0.021733491039562715), ('plus225', -0.065565969377380989), ('minus225', -0.0029725647434781766), ('prod225', -0.043545008551378758), ('plus226', 0.033498193156159851), ('plus227', -0.092232209649743463), ('minus227', -0.014259164924287294), ('plus228', -0.0085746600073065126), ('prod228', -0.024099585805419401), ('plus229', -0.0028683367057360473), ('minus229', 0.046592314175608558), ('minus230', -0.1199240819234748), ('prod230', -0.056875190170998013), ('plus231', -0.055312382300365198), ('minus231', 0.022482276110228135), ('plus233', -0.06253200655233368), ('prod233', 0.092371943639247056), ('minus234', 0.030842494998331724), ('plus235', 0.0021294586749744044), ('minus236', 0.017041828108042868), ('plus237', -0.10550793433094389), ('prod237', -0.30973914383893969), ('plus238', -0.025405013131959312), ('plus239', -0.012274351178072867), ('minus239', -0.023673850215235853), ('plus240', -0.045966775803724408), ('plus243', -0.096088216483210628), ('prod243', -0.031256814646928914), ('minus244', -0.13361789393685553), ('prod245', -0.046039868280215918), ('minus247', 0.07911634494209964), ('prod247', -0.073290942491313293), ('prod248', 0.27448507550507262), ('plus250', -0.049604105076917988), ('prod250', 0.018214203800393), ('plus251', -0.098969711613519237), ('prod251', -0.053137433049497099), ('plus252', -0.021024877532025726), ('plus253', 0.027411682009029974), ('minus253', 0.13223460861001468), ('plus254', -0.010314920657276986), ('minus254', -0.024723344423712771), ('minus255', 0.047774934408458779), ('plus256', 0.041305603029193207), ('plus257', -0.041045294610066223), ('minus257', 0.13824992943923761), ('prod257', 0.014481588286792078), ('plus260', -0.0959957433116706), ('plus261', -0.02233734001354841), ('minus261', -0.030428241709984132), ('plus262', 0.0010441758526030683), ('minus262', 0.0117838289598408), ('plus263', -0.047444359140753109), ('plus264', -0.14316592489144753), ('prod264', 0.08995661516942087), ('plus265', 0.026425612489954505), ('minus265', -0.011815974892601984), ('prod265', -0.053486397580505003), ('plus266', -0.10035897003857179), ('prod266', 0.021905733829702134), ('plus267', 0.034065162391030405), ('prod268', -0.0026312217382673917), ('plus269', -0.098148143084193451), ('minus269', -0.001120532606231135), ('plus270', -0.12251251729005766), ('plus271', -0.098479659632999858), ('prod272', -0.029047821047227963), ('plus273', -0.011901213360071231), ('minus273', 0.024457672785738998), ('prod273', -0.12527753345883086), ('plus274', -0.012682201939650866), ('minus274', -0.048446432443428472), ('minus275', -0.14112535081622979), ('prod276', -0.037374375680565924), ('prod277', 0.1629800158406455), ('plus280', -0.00018083784899455729), ('minus280', 0.035911020185750146), ('prod280', 0.043329773861796456), ('plus281', 0.093719048481096717), ('prod281', -0.073432936041371549), ('plus282', 0.022307264987482939), ('prod282', -0.19430794536027715), ('prod283', -0.054218890243481137), ('plus284', -0.011193691292900921), ('prod284', 0.0274033596886544), ('plus285', 0.0043691715993497103), ('plus286', -0.13272195819638846), ('prod286', 0.1186610918789692), ('minus287', 0.04178366457566763), ('plus288', 0.070338358908251394), ('minus288', -0.0019763436678318738), ('prod288', -0.016356614323942059), ('plus289', 0.068540974569334737), ('prod289', 0.010884709113213898), ('plus290', -0.0016402264154610127), ('plus291', -0.079247976892266619), ('minus291', 0.036656676786890663), ('plus292', -0.05025892524260895), ('prod292', -0.040504236719835537), ('plus293', 0.0071099362185721724), ('plus294', -0.058196220178251337), ('prod294', 0.093711322158992194), ('plus295', 0.06380757520208459), ('plus296', 0.066469844004385117), ('plus297', 0.0033771334852569896), ('prod297', 0.010994300601446527), ('plus298', -0.14359424487756284), ('prod298', 0.12081373748742535), ('plus299', -0.025260105507349268), ('prod299', 0.094477605460656283), ('minmax', -0.067316134243873754)]
training ExtraTrees... 

[31mInitialization[0m
[94m------------------------------------------------------------------------------------------------------------------------[0m
 Step |   Time |      Value |   max_depth |   max_features |   min_samples_leaf |   min_samples_split |   n_estimators | 
.
.
.
    1 | 03m34s | [35m   0.80281[0m | [32m    13.2322[0m | [32m        0.6419[0m | [32m            9.3142[0m | [32m             9.6258[0m | [32m      125.6744[0m | 
.
.
.
    2 | 02m19s |    0.80263 |     15.7278 |         0.5898 |            17.9437 |             13.6261 |        88.5403 | 
[31mBayesian Optimization[0m
[94m------------------------------------------------------------------------------------------------------------------------[0m
 Step |   Time |      Value |   max_depth |   max_features |   min_samples_leaf |   min_samples_split |   n_estimators | 
.
.
.
    3 | 00m34s |    0.75580 |      5.7677 |         0.3085 |             1.3189 |              2.4447 |        66.9423 | 
.
.
.
    4 | 00m53s |    0.75988 |      5.1241 |         0.4223 |            19.8931 |             19.7620 |       126.8902 | 
.
.
.
    5 | 03m18s |    0.79884 |     12.1905 |         0.5311 |            10.1662 |              9.5781 |       126.0945 | 
.
.
.
    6 | 04m18s | [35m   0.80531[0m | [32m    19.5007[0m | [32m        0.7380[0m | [32m           19.8289[0m | [32m             2.3484[0m | [32m      119.0211[0m | 
.
.
.
    7 | 03m46s | [35m   0.80636[0m | [32m    19.8871[0m | [32m        0.5664[0m | [32m            1.2071[0m | [32m            19.5465[0m | [32m       89.3462[0m | 
{'max_depth': 19.887056359208664, 'max_features': 0.56638799507556647, 'min_samples_split': 19.54653343959329, 'min_samples_leaf': 1.2071344551101633, 'n_estimators': 89.34618629386847}
auc:0.789808371063
auc:0.793564275597
auc:0.798872738855
auc:0.809299508922
auc:0.825981400557
